\BOOKMARK [0][-]{part.1}{\376\377\000I\000\040\000F\000u\000n\000c\000t\000i\000o\000n\000a\000l\000\040\000r\000e\000q\000u\000i\000r\000e\000m\000e\000n\000t\000\040\000o\000f\000\040\000t\000h\000e\000\040\000p\000r\000o\000g\000r\000a\000m}{}% 1
\BOOKMARK [1][-]{section.1}{\376\377\000T\000h\000e\000\040\000p\000r\000o\000j\000e\000c\000t}{part.1}% 2
\BOOKMARK [1][-]{section.2}{\376\377\000F\000i\000l\000e\000s}{part.1}% 3
\BOOKMARK [1][-]{section.3}{\376\377\000D\000a\000t\000a}{part.1}% 4
\BOOKMARK [1][-]{section.4}{\376\377\000O\000u\000t\000p\000u\000t\000s}{part.1}% 5
\BOOKMARK [1][-]{section.5}{\376\377\000C\000o\000n\000c\000e\000r\000n\000i\000n\000g\000\040\000t\000h\000e\000\040\000r\000u\000n\000n\000i\000n\000g\000\040\000t\000i\000m\000e}{part.1}% 6
\BOOKMARK [0][-]{part.2}{\376\377\000I\000I\000\040\000I\000n\000t\000e\000r\000n\000a\000l\000\040\000s\000t\000r\000u\000c\000t\000u\000r\000e\000\040\000o\000f\000\040\000t\000h\000e\000\040\000p\000r\000o\000g\000r\000a\000m}{}% 7
\BOOKMARK [1][-]{section.6}{\376\377\000P\000h\000y\000s\000i\000c\000a\000l\000\040\000m\000o\000d\000e\000l}{part.2}% 8
\BOOKMARK [2][-]{subsection.6.1}{\376\377\000V\000e\000l\000o\000c\000i\000t\000y\000\040\000p\000o\000t\000e\000n\000t\000i\000a\000l\000\040\000f\000i\000e\000l\000d}{section.6}% 9
\BOOKMARK [1][-]{section.7}{\376\377\000S\000c\000i\000e\000n\000t\000i\000f\000i\000c\000\040\000c\000o\000m\000p\000u\000t\000a\000t\000i\000o\000n\000\040\000a\000l\000g\000o\000r\000i\000t\000h\000m\000s}{part.2}% 10
\BOOKMARK [1][-]{section.8}{\376\377\000C\000o\000n\000s\000t\000i\000t\000u\000t\000i\000v\000e\000\040\000e\000l\000e\000m\000e\000n\000t\000s}{part.2}% 11
\BOOKMARK [2][-]{subsection.8.1}{\376\377\000p\000y\000t\000h\000o\000n\000m\000a\000i\000n\000.\000p\000y}{section.8}% 12
\BOOKMARK [2][-]{subsection.8.2}{\376\377\000p\000y\000t\000h\000o\000n\000d\000a\000t\000a\000c\000h\000e\000c\000k\000.\000p\000y}{section.8}% 13
\BOOKMARK [3][-]{subsubsection.8.2.1}{\376\377\000p\000y\000t\000h\000o\000n\000d\000a\000t\000a\000c\000h\000e\000c\000k\000\050\000\051}{subsection.8.2}% 14
\BOOKMARK [3][-]{subsubsection.8.2.2}{\376\377\000p\000y\000t\000h\000o\000n\000e\000x\000i\000s\000t\000i\000n\000g\000d\000a\000t\000a\000\050\000\051}{subsection.8.2}% 15
\BOOKMARK [3][-]{subsubsection.8.2.3}{\376\377\000p\000y\000t\000h\000o\000n\000d\000o\000m\000a\000i\000n\000c\000h\000e\000c\000k\000\050\000\051}{subsection.8.2}% 16
\BOOKMARK [2][-]{subsection.8.3}{\376\377\000p\000y\000t\000h\000o\000n\000m\000a\000t\000r\000i\000c\000e\000s\000.\000p\000y}{section.8}% 17
\BOOKMARK [3][-]{subsubsection.8.3.1}{\376\377\000p\000y\000t\000h\000o\000n\000i\000n\000i\000t\000\050\000\051}{subsection.8.3}% 18
\BOOKMARK [3][-]{subsubsection.8.3.2}{\376\377\000p\000y\000t\000h\000o\000n\000m\000a\000k\000e\000d\000a\000t\000a\000\050\000\051}{subsection.8.3}% 19
\BOOKMARK [3][-]{subsubsection.8.3.3}{\376\377\000p\000y\000t\000h\000o\000n\000l\000o\000a\000d\000d\000a\000t\000a\000\050\000\051}{subsection.8.3}% 20
\BOOKMARK [3][-]{subsubsection.8.3.4}{\376\377\000p\000y\000t\000h\000o\000n\000b\000u\000i\000l\000d\000g\000\050\000\051}{subsection.8.3}% 21
\BOOKMARK [3][-]{subsubsection.8.3.5}{\376\377\000p\000y\000t\000h\000o\000n\000b\000u\000i\000l\000d\000g\000e\000o\000m\000e\000t\000r\000y\000\050\000\051}{subsection.8.3}% 22
\BOOKMARK [3][-]{subsubsection.8.3.6}{\376\377\000p\000y\000t\000h\000o\000n\000b\000u\000i\000l\000d\000i\000n\000d\000e\000x\000m\000a\000t\000r\000i\000c\000e\000s\000\050\000\051}{subsection.8.3}% 23
\BOOKMARK [3][-]{subsubsection.8.3.7}{\376\377\000p\000y\000t\000h\000o\000n\000b\000u\000i\000l\000d\000a\000\050\000\051}{subsection.8.3}% 24
\BOOKMARK [3][-]{subsubsection.8.3.8}{\376\377\000p\000y\000t\000h\000o\000n\000b\000u\000i\000l\000d\000b\000\050\000\051}{subsection.8.3}% 25
\BOOKMARK [3][-]{subsubsection.8.3.9}{\376\377\000p\000y\000t\000h\000o\000n\000b\000u\000i\000l\000d\000p\000h\000i\000\050\000\051}{subsection.8.3}% 26
\BOOKMARK [3][-]{subsubsection.8.3.10}{\376\377\000p\000y\000t\000h\000o\000n\000b\000u\000i\000l\000d\000g\000r\000a\000d\000i\000e\000n\000t\000\050\000\051}{subsection.8.3}% 27
\BOOKMARK [3][-]{subsubsection.8.3.11}{\376\377\000p\000y\000t\000h\000o\000n\000b\000u\000i\000l\000d\000p\000r\000e\000s\000s\000u\000r\000e\000\050\000\051}{subsection.8.3}% 28
\BOOKMARK [2][-]{subsection.8.4}{\376\377\000p\000y\000t\000h\000o\000n\000p\000l\000o\000t\000.\000p\000y}{section.8}% 29
\BOOKMARK [3][-]{subsubsection.8.4.1}{\376\377\000p\000y\000t\000h\000o\000n\000p\000l\000o\000t\000g\000r\000a\000p\000h\000s\000\050\000\051}{subsection.8.4}% 30
\BOOKMARK [3][-]{subsubsection.8.4.2}{\376\377\000D\000a\000t\000a\000\040\000s\000p\000e\000c\000i\000f\000i\000c\000\040\000p\000l\000o\000t\000t\000i\000n\000g\000\040\000f\000u\000n\000c\000t\000i\000o\000n\000s}{subsection.8.4}% 31
